0 verbose cli /opt/plesk/node/17/bin/node /opt/plesk/node/17/bin/npm
1 info using npm@8.11.0
2 info using node@v17.9.1
3 timing npm:load:whichnode Completed in 0ms
4 timing config:load:defaults Completed in 2ms
5 timing config:load:file:/opt/plesk/node/17/lib/node_modules/npm/npmrc Completed in 5ms
6 timing config:load:builtin Completed in 5ms
7 timing config:load:cli Completed in 1ms
8 timing config:load:env Completed in 0ms
9 timing config:load:file:/var/www/vhosts/restor-one.com/nodeapp/.npmrc Completed in 0ms
10 timing config:load:project Completed in 19ms
11 timing config:load:file:/var/www/vhosts/restor-one.com/.npmrc Completed in 0ms
12 timing config:load:user Completed in 0ms
13 timing config:load:file:/opt/plesk/node/17/etc/npmrc Completed in 0ms
14 timing config:load:global Completed in 0ms
15 timing config:load:validate Completed in 0ms
16 timing config:load:credentials Completed in 2ms
17 timing config:load:setEnvs Completed in 1ms
18 timing config:load Completed in 31ms
19 timing npm:load:configload Completed in 31ms
20 timing npm:load:mkdirpcache Completed in 12ms
21 timing npm:load:mkdirplogs Completed in 26ms
22 verbose title npm install
23 verbose argv "install"
24 timing npm:load:setTitle Completed in 1ms
25 timing config:load:flatten Completed in 2ms
26 timing npm:load:display Completed in 3ms
27 verbose logfile logs-max:10 dir:/var/www/vhosts/restor-one.com/.npm/_logs
28 verbose logfile /var/www/vhosts/restor-one.com/.npm/_logs/2025-11-19T08_23_54_255Z-debug-0.log
29 timing npm:load:logFile Completed in 6ms
30 timing npm:load:timers Completed in 0ms
31 timing npm:load:configScope Completed in 0ms
32 timing npm:load Completed in 81ms
33 timing arborist:ctor Completed in 0ms
34 silly logfile done cleaning log files
35 timing idealTree:init Completed in 109ms
36 timing idealTree:userRequests Completed in 0ms
37 silly idealTree buildDeps
38 timing idealTree:#root Completed in 0ms
39 timing idealTree:buildDeps Completed in 1ms
40 timing idealTree:fixDepFlags Completed in 1ms
41 timing idealTree Completed in 114ms
42 timing reify:loadTrees Completed in 114ms
43 timing reify:diffTrees Completed in 2ms
44 silly reify moves {}
45 timing reify:retireShallow Completed in 1ms
46 timing reify:createSparse Completed in 129ms
47 timing reify:loadBundles Completed in 0ms
48 silly audit bulk request {
48 silly audit   accepts: [ '1.3.8' ],
48 silly audit   anymatch: [ '3.1.3' ],
48 silly audit   'array-flatten': [ '1.1.1' ],
48 silly audit   'aws-ssl-profiles': [ '1.1.2' ],
48 silly audit   'balanced-match': [ '1.0.2' ],
48 silly audit   'binary-extensions': [ '2.3.0' ],
48 silly audit   'body-parser': [ '1.20.3' ],
48 silly audit   'brace-expansion': [ '1.1.12' ],
48 silly audit   braces: [ '3.0.3' ],
48 silly audit   bytes: [ '3.1.2' ],
48 silly audit   'call-bind-apply-helpers': [ '1.0.2' ],
48 silly audit   'call-bound': [ '1.0.4' ],
48 silly audit   chokidar: [ '3.6.0' ],
48 silly audit   'concat-map': [ '0.0.1' ],
48 silly audit   'content-disposition': [ '0.5.4' ],
48 silly audit   'content-type': [ '1.0.5' ],
48 silly audit   cookie: [ '0.7.1' ],
48 silly audit   'cookie-signature': [ '1.0.6' ],
48 silly audit   cors: [ '2.8.5' ],
48 silly audit   debug: [ '2.6.9', '4.4.3' ],
48 silly audit   denque: [ '2.1.0' ],
48 silly audit   depd: [ '2.0.0' ],
48 silly audit   destroy: [ '1.2.0' ],
48 silly audit   dotenv: [ '16.6.1' ],
48 silly audit   'dunder-proto': [ '1.0.1' ],
48 silly audit   'ee-first': [ '1.1.1' ],
48 silly audit   encodeurl: [ '2.0.0', '1.0.2' ],
48 silly audit   'es-define-property': [ '1.0.1' ],
48 silly audit   'es-errors': [ '1.3.0' ],
48 silly audit   'es-object-atoms': [ '1.1.1' ],
48 silly audit   'escape-html': [ '1.0.3' ],
48 silly audit   etag: [ '1.8.1' ],
48 silly audit   express: [ '4.21.2' ],
48 silly audit   'fill-range': [ '7.1.1' ],
48 silly audit   finalhandler: [ '1.3.1' ],
48 silly audit   forwarded: [ '0.2.0' ],
48 silly audit   fresh: [ '0.5.2' ],
48 silly audit   fsevents: [ '2.3.3' ],
48 silly audit   'function-bind': [ '1.1.2' ],
48 silly audit   'generate-function': [ '2.3.1' ],
48 silly audit   'get-intrinsic': [ '1.3.0' ],
48 silly audit   'get-proto': [ '1.0.1' ],
48 silly audit   'glob-parent': [ '5.1.2' ],
48 silly audit   gopd: [ '1.2.0' ],
48 silly audit   'has-flag': [ '3.0.0' ],
48 silly audit   'has-symbols': [ '1.1.0' ],
48 silly audit   hasown: [ '2.0.2' ],
48 silly audit   'http-errors': [ '2.0.0' ],
48 silly audit   'iconv-lite': [ '0.4.24', '0.7.0' ],
48 silly audit   'ignore-by-default': [ '1.0.1' ],
48 silly audit   inherits: [ '2.0.4' ],
48 silly audit   'ipaddr.js': [ '1.9.1' ],
48 silly audit   'is-binary-path': [ '2.1.0' ],
48 silly audit   'is-extglob': [ '2.1.1' ],
48 silly audit   'is-glob': [ '4.0.3' ],
48 silly audit   'is-number': [ '7.0.0' ],
48 silly audit   'is-property': [ '1.0.2' ],
48 silly audit   long: [ '5.3.2' ],
48 silly audit   'lru-cache': [ '7.18.3' ],
48 silly audit   'lru.min': [ '1.1.3' ],
48 silly audit   'math-intrinsics': [ '1.1.0' ],
48 silly audit   'media-typer': [ '0.3.0' ],
48 silly audit   'merge-descriptors': [ '1.0.3' ],
48 silly audit   methods: [ '1.1.2' ],
48 silly audit   mime: [ '1.6.0' ],
48 silly audit   'mime-db': [ '1.52.0' ],
48 silly audit   'mime-types': [ '2.1.35' ],
48 silly audit   minimatch: [ '3.1.2' ],
48 silly audit   ms: [ '2.0.0', '2.1.3' ],
48 silly audit   mysql2: [ '3.15.3' ],
48 silly audit   'named-placeholders': [ '1.1.3' ],
48 silly audit   negotiator: [ '0.6.3' ],
48 silly audit   nodemon: [ '3.1.11' ],
48 silly audit   'normalize-path': [ '3.0.0' ],
48 silly audit   'object-assign': [ '4.1.1' ],
48 silly audit   'object-inspect': [ '1.13.4' ],
48 silly audit   'on-finished': [ '2.4.1' ],
48 silly audit   parseurl: [ '1.3.3' ],
48 silly audit   'path-to-regexp': [ '0.1.12' ],
48 silly audit   picomatch: [ '2.3.1' ],
48 silly audit   'proxy-addr': [ '2.0.7' ],
48 silly audit   'pstree.remy': [ '1.1.8' ],
48 silly audit   qs: [ '6.13.0' ],
48 silly audit   'range-parser': [ '1.2.1' ],
48 silly audit   'raw-body': [ '2.5.2' ],
48 silly audit   readdirp: [ '3.6.0' ],
48 silly audit   'safe-buffer': [ '5.2.1' ],
48 silly audit   'safer-buffer': [ '2.1.2' ],
48 silly audit   semver: [ '7.7.3' ],
48 silly audit   send: [ '0.19.0' ],
48 silly audit   'seq-queue': [ '0.0.5' ],
48 silly audit   'serve-static': [ '1.16.2' ],
48 silly audit   setprototypeof: [ '1.2.0' ],
48 silly audit   'side-channel': [ '1.1.0' ],
48 silly audit   'side-channel-list': [ '1.0.0' ],
48 silly audit   'side-channel-map': [ '1.0.1' ],
48 silly audit   'side-channel-weakmap': [ '1.0.2' ],
48 silly audit   'simple-update-notifier': [ '2.0.0' ],
48 silly audit   sqlstring: [ '2.3.3' ],
48 silly audit   statuses: [ '2.0.1' ],
48 silly audit   'supports-color': [ '5.5.0' ],
48 silly audit   'to-regex-range': [ '5.0.1' ],
48 silly audit   toidentifier: [ '1.0.1' ],
48 silly audit   touch: [ '3.1.1' ],
48 silly audit   'type-is': [ '1.6.18' ],
48 silly audit   undefsafe: [ '2.0.5' ],
48 silly audit   unpipe: [ '1.0.0' ],
48 silly audit   'utils-merge': [ '1.0.1' ],
48 silly audit   vary: [ '1.1.2' ]
48 silly audit }
49 verbose reify failed optional dependency /var/www/vhosts/restor-one.com/nodeapp/node_modules/fsevents
50 silly reify mark deleted [ '/var/www/vhosts/restor-one.com/nodeapp/node_modules/fsevents' ]
51 timing reifyNode:node_modules/fsevents Completed in 22ms
52 silly tarball no local data for vary@https://registry.npmjs.org/vary/-/vary-1.1.2.tgz. Extracting by manifest.
53 silly tarball no local data for utils-merge@https://registry.npmjs.org/utils-merge/-/utils-merge-1.0.1.tgz. Extracting by manifest.
54 silly tarball no local data for unpipe@https://registry.npmjs.org/unpipe/-/unpipe-1.0.0.tgz. Extracting by manifest.
55 silly tarball no local data for undefsafe@https://registry.npmjs.org/undefsafe/-/undefsafe-2.0.5.tgz. Extracting by manifest.
56 silly tarball no local data for type-is@https://registry.npmjs.org/type-is/-/type-is-1.6.18.tgz. Extracting by manifest.
57 silly tarball no local data for toidentifier@https://registry.npmjs.org/toidentifier/-/toidentifier-1.0.1.tgz. Extracting by manifest.
58 silly tarball no local data for touch@https://registry.npmjs.org/touch/-/touch-3.1.1.tgz. Extracting by manifest.
59 silly tarball no local data for supports-color@https://registry.npmjs.org/supports-color/-/supports-color-5.5.0.tgz. Extracting by manifest.
60 silly tarball no local data for to-regex-range@https://registry.npmjs.org/to-regex-range/-/to-regex-range-5.0.1.tgz. Extracting by manifest.
61 silly tarball no local data for sqlstring@https://registry.npmjs.org/sqlstring/-/sqlstring-2.3.3.tgz. Extracting by manifest.
62 silly tarball no local data for statuses@https://registry.npmjs.org/statuses/-/statuses-2.0.1.tgz. Extracting by manifest.
63 silly tarball no local data for simple-update-notifier@https://registry.npmjs.org/simple-update-notifier/-/simple-update-notifier-2.0.0.tgz. Extracting by manifest.
64 silly tarball no local data for side-channel-weakmap@https://registry.npmjs.org/side-channel-weakmap/-/side-channel-weakmap-1.0.2.tgz. Extracting by manifest.
65 silly tarball no local data for side-channel-map@https://registry.npmjs.org/side-channel-map/-/side-channel-map-1.0.1.tgz. Extracting by manifest.
66 silly tarball no local data for side-channel@https://registry.npmjs.org/side-channel/-/side-channel-1.1.0.tgz. Extracting by manifest.
67 silly tarball no local data for serve-static@https://registry.npmjs.org/serve-static/-/serve-static-1.16.2.tgz. Extracting by manifest.
68 silly tarball no local data for seq-queue@https://registry.npmjs.org/seq-queue/-/seq-queue-0.0.5.tgz. Extracting by manifest.
69 silly tarball no local data for side-channel-list@https://registry.npmjs.org/side-channel-list/-/side-channel-list-1.0.0.tgz. Extracting by manifest.
70 silly tarball no local data for setprototypeof@https://registry.npmjs.org/setprototypeof/-/setprototypeof-1.2.0.tgz. Extracting by manifest.
71 silly tarball no local data for safer-buffer@https://registry.npmjs.org/safer-buffer/-/safer-buffer-2.1.2.tgz. Extracting by manifest.
72 silly tarball no local data for safe-buffer@https://registry.npmjs.org/safe-buffer/-/safe-buffer-5.2.1.tgz. Extracting by manifest.
73 silly tarball no local data for semver@https://registry.npmjs.org/semver/-/semver-7.7.3.tgz. Extracting by manifest.
74 silly tarball no local data for send@https://registry.npmjs.org/send/-/send-0.19.0.tgz. Extracting by manifest.
75 silly tarball no local data for readdirp@https://registry.npmjs.org/readdirp/-/readdirp-3.6.0.tgz. Extracting by manifest.
76 silly tarball no local data for raw-body@https://registry.npmjs.org/raw-body/-/raw-body-2.5.2.tgz. Extracting by manifest.
77 silly tarball no local data for qs@https://registry.npmjs.org/qs/-/qs-6.13.0.tgz. Extracting by manifest.
78 silly tarball no local data for range-parser@https://registry.npmjs.org/range-parser/-/range-parser-1.2.1.tgz. Extracting by manifest.
79 silly tarball no local data for proxy-addr@https://registry.npmjs.org/proxy-addr/-/proxy-addr-2.0.7.tgz. Extracting by manifest.
80 silly tarball no local data for pstree.remy@https://registry.npmjs.org/pstree.remy/-/pstree.remy-1.1.8.tgz. Extracting by manifest.
81 silly tarball no local data for path-to-regexp@https://registry.npmjs.org/path-to-regexp/-/path-to-regexp-0.1.12.tgz. Extracting by manifest.
82 silly tarball no local data for picomatch@https://registry.npmjs.org/picomatch/-/picomatch-2.3.1.tgz. Extracting by manifest.
83 silly tarball no local data for on-finished@https://registry.npmjs.org/on-finished/-/on-finished-2.4.1.tgz. Extracting by manifest.
84 silly tarball no local data for parseurl@https://registry.npmjs.org/parseurl/-/parseurl-1.3.3.tgz. Extracting by manifest.
85 silly tarball no local data for object-assign@https://registry.npmjs.org/object-assign/-/object-assign-4.1.1.tgz. Extracting by manifest.
86 silly tarball no local data for object-inspect@https://registry.npmjs.org/object-inspect/-/object-inspect-1.13.4.tgz. Extracting by manifest.
87 silly tarball no local data for nodemon@https://registry.npmjs.org/nodemon/-/nodemon-3.1.11.tgz. Extracting by manifest.
88 silly tarball no local data for normalize-path@https://registry.npmjs.org/normalize-path/-/normalize-path-3.0.0.tgz. Extracting by manifest.
89 silly tarball no local data for named-placeholders@https://registry.npmjs.org/named-placeholders/-/named-placeholders-1.1.3.tgz. Extracting by manifest.
90 silly tarball no local data for ms@https://registry.npmjs.org/ms/-/ms-2.0.0.tgz. Extracting by manifest.
91 silly tarball no local data for negotiator@https://registry.npmjs.org/negotiator/-/negotiator-0.6.3.tgz. Extracting by manifest.
92 silly tarball no local data for minimatch@https://registry.npmjs.org/minimatch/-/minimatch-3.1.2.tgz. Extracting by manifest.
93 silly tarball no local data for mysql2@https://registry.npmjs.org/mysql2/-/mysql2-3.15.3.tgz. Extracting by manifest.
94 silly tarball no local data for mime-types@https://registry.npmjs.org/mime-types/-/mime-types-2.1.35.tgz. Extracting by manifest.
95 silly tarball no local data for mime-db@https://registry.npmjs.org/mime-db/-/mime-db-1.52.0.tgz. Extracting by manifest.
96 silly tarball no local data for methods@https://registry.npmjs.org/methods/-/methods-1.1.2.tgz. Extracting by manifest.
97 silly tarball no local data for mime@https://registry.npmjs.org/mime/-/mime-1.6.0.tgz. Extracting by manifest.
98 silly tarball no local data for media-typer@https://registry.npmjs.org/media-typer/-/media-typer-0.3.0.tgz. Extracting by manifest.
99 silly tarball no local data for math-intrinsics@https://registry.npmjs.org/math-intrinsics/-/math-intrinsics-1.1.0.tgz. Extracting by manifest.
100 silly tarball no local data for lru-cache@https://registry.npmjs.org/lru-cache/-/lru-cache-7.18.3.tgz. Extracting by manifest.
101 silly tarball no local data for merge-descriptors@https://registry.npmjs.org/merge-descriptors/-/merge-descriptors-1.0.3.tgz. Extracting by manifest.
102 silly tarball no local data for long@https://registry.npmjs.org/long/-/long-5.3.2.tgz. Extracting by manifest.
103 silly tarball no local data for is-number@https://registry.npmjs.org/is-number/-/is-number-7.0.0.tgz. Extracting by manifest.
104 silly tarball no local data for is-glob@https://registry.npmjs.org/is-glob/-/is-glob-4.0.3.tgz. Extracting by manifest.
105 silly tarball no local data for is-binary-path@https://registry.npmjs.org/is-binary-path/-/is-binary-path-2.1.0.tgz. Extracting by manifest.
106 silly tarball no local data for is-extglob@https://registry.npmjs.org/is-extglob/-/is-extglob-2.1.1.tgz. Extracting by manifest.
107 silly tarball no local data for ipaddr.js@https://registry.npmjs.org/ipaddr.js/-/ipaddr.js-1.9.1.tgz. Extracting by manifest.
108 silly tarball no local data for inherits@https://registry.npmjs.org/inherits/-/inherits-2.0.4.tgz. Extracting by manifest.
109 silly tarball no local data for ignore-by-default@https://registry.npmjs.org/ignore-by-default/-/ignore-by-default-1.0.1.tgz. Extracting by manifest.
110 silly tarball no local data for http-errors@https://registry.npmjs.org/http-errors/-/http-errors-2.0.0.tgz. Extracting by manifest.
111 silly tarball no local data for iconv-lite@https://registry.npmjs.org/iconv-lite/-/iconv-lite-0.4.24.tgz. Extracting by manifest.
112 silly tarball no local data for hasown@https://registry.npmjs.org/hasown/-/hasown-2.0.2.tgz. Extracting by manifest.
113 silly tarball no local data for has-symbols@https://registry.npmjs.org/has-symbols/-/has-symbols-1.1.0.tgz. Extracting by manifest.
114 silly tarball no local data for has-flag@https://registry.npmjs.org/has-flag/-/has-flag-3.0.0.tgz. Extracting by manifest.
115 silly tarball no local data for gopd@https://registry.npmjs.org/gopd/-/gopd-1.2.0.tgz. Extracting by manifest.
116 silly tarball no local data for glob-parent@https://registry.npmjs.org/glob-parent/-/glob-parent-5.1.2.tgz. Extracting by manifest.
117 silly tarball no local data for get-intrinsic@https://registry.npmjs.org/get-intrinsic/-/get-intrinsic-1.3.0.tgz. Extracting by manifest.
118 silly tarball no local data for get-proto@https://registry.npmjs.org/get-proto/-/get-proto-1.0.1.tgz. Extracting by manifest.
119 silly tarball no local data for generate-function@https://registry.npmjs.org/generate-function/-/generate-function-2.3.1.tgz. Extracting by manifest.
120 silly tarball no local data for fresh@https://registry.npmjs.org/fresh/-/fresh-0.5.2.tgz. Extracting by manifest.
121 silly tarball no local data for function-bind@https://registry.npmjs.org/function-bind/-/function-bind-1.1.2.tgz. Extracting by manifest.
122 silly tarball no local data for forwarded@https://registry.npmjs.org/forwarded/-/forwarded-0.2.0.tgz. Extracting by manifest.
123 silly tarball no local data for finalhandler@https://registry.npmjs.org/finalhandler/-/finalhandler-1.3.1.tgz. Extracting by manifest.
124 silly tarball no local data for fill-range@https://registry.npmjs.org/fill-range/-/fill-range-7.1.1.tgz. Extracting by manifest.
125 silly tarball no local data for etag@https://registry.npmjs.org/etag/-/etag-1.8.1.tgz. Extracting by manifest.
126 silly tarball no local data for escape-html@https://registry.npmjs.org/escape-html/-/escape-html-1.0.3.tgz. Extracting by manifest.
127 silly tarball no local data for es-object-atoms@https://registry.npmjs.org/es-object-atoms/-/es-object-atoms-1.1.1.tgz. Extracting by manifest.
128 silly tarball no local data for es-errors@https://registry.npmjs.org/es-errors/-/es-errors-1.3.0.tgz. Extracting by manifest.
129 silly tarball no local data for es-define-property@https://registry.npmjs.org/es-define-property/-/es-define-property-1.0.1.tgz. Extracting by manifest.
130 silly tarball no local data for encodeurl@https://registry.npmjs.org/encodeurl/-/encodeurl-2.0.0.tgz. Extracting by manifest.
131 silly tarball no local data for ee-first@https://registry.npmjs.org/ee-first/-/ee-first-1.1.1.tgz. Extracting by manifest.
132 silly tarball no local data for express@https://registry.npmjs.org/express/-/express-4.21.2.tgz. Extracting by manifest.
133 silly tarball no local data for dunder-proto@https://registry.npmjs.org/dunder-proto/-/dunder-proto-1.0.1.tgz. Extracting by manifest.
134 silly tarball no local data for destroy@https://registry.npmjs.org/destroy/-/destroy-1.2.0.tgz. Extracting by manifest.
135 silly tarball no local data for dotenv@https://registry.npmjs.org/dotenv/-/dotenv-16.6.1.tgz. Extracting by manifest.
136 silly tarball no local data for depd@https://registry.npmjs.org/depd/-/depd-2.0.0.tgz. Extracting by manifest.
137 silly tarball no local data for denque@https://registry.npmjs.org/denque/-/denque-2.1.0.tgz. Extracting by manifest.
138 silly tarball no local data for debug@https://registry.npmjs.org/debug/-/debug-2.6.9.tgz. Extracting by manifest.
139 silly tarball no local data for cookie-signature@https://registry.npmjs.org/cookie-signature/-/cookie-signature-1.0.6.tgz. Extracting by manifest.
140 silly tarball no local data for cors@https://registry.npmjs.org/cors/-/cors-2.8.5.tgz. Extracting by manifest.
141 silly tarball no local data for cookie@https://registry.npmjs.org/cookie/-/cookie-0.7.1.tgz. Extracting by manifest.
142 silly tarball no local data for content-type@https://registry.npmjs.org/content-type/-/content-type-1.0.5.tgz. Extracting by manifest.
143 silly tarball no local data for content-disposition@https://registry.npmjs.org/content-disposition/-/content-disposition-0.5.4.tgz. Extracting by manifest.
144 silly tarball no local data for concat-map@https://registry.npmjs.org/concat-map/-/concat-map-0.0.1.tgz. Extracting by manifest.
145 silly tarball no local data for chokidar@https://registry.npmjs.org/chokidar/-/chokidar-3.6.0.tgz. Extracting by manifest.
146 silly tarball no local data for call-bind-apply-helpers@https://registry.npmjs.org/call-bind-apply-helpers/-/call-bind-apply-helpers-1.0.2.tgz. Extracting by manifest.
147 silly tarball no local data for call-bound@https://registry.npmjs.org/call-bound/-/call-bound-1.0.4.tgz. Extracting by manifest.
148 silly tarball no local data for bytes@https://registry.npmjs.org/bytes/-/bytes-3.1.2.tgz. Extracting by manifest.
149 silly tarball no local data for braces@https://registry.npmjs.org/braces/-/braces-3.0.3.tgz. Extracting by manifest.
150 silly tarball no local data for brace-expansion@https://registry.npmjs.org/brace-expansion/-/brace-expansion-1.1.12.tgz. Extracting by manifest.
151 silly tarball no local data for binary-extensions@https://registry.npmjs.org/binary-extensions/-/binary-extensions-2.3.0.tgz. Extracting by manifest.
152 silly tarball no local data for body-parser@https://registry.npmjs.org/body-parser/-/body-parser-1.20.3.tgz. Extracting by manifest.
153 silly tarball no local data for balanced-match@https://registry.npmjs.org/balanced-match/-/balanced-match-1.0.2.tgz. Extracting by manifest.
154 silly tarball no local data for array-flatten@https://registry.npmjs.org/array-flatten/-/array-flatten-1.1.1.tgz. Extracting by manifest.
155 silly tarball no local data for aws-ssl-profiles@https://registry.npmjs.org/aws-ssl-profiles/-/aws-ssl-profiles-1.1.2.tgz. Extracting by manifest.
156 silly tarball no local data for anymatch@https://registry.npmjs.org/anymatch/-/anymatch-3.1.3.tgz. Extracting by manifest.
157 silly tarball no local data for accepts@https://registry.npmjs.org/accepts/-/accepts-1.3.8.tgz. Extracting by manifest.
158 silly tarball no local data for is-property@https://registry.npmjs.org/is-property/-/is-property-1.0.2.tgz. Extracting by manifest.
159 silly tarball no local data for ms@https://registry.npmjs.org/ms/-/ms-2.1.3.tgz. Extracting by manifest.
160 silly tarball no local data for encodeurl@https://registry.npmjs.org/encodeurl/-/encodeurl-1.0.2.tgz. Extracting by manifest.
161 silly tarball no local data for debug@https://registry.npmjs.org/debug/-/debug-4.4.3.tgz. Extracting by manifest.
162 silly tarball no local data for iconv-lite@https://registry.npmjs.org/iconv-lite/-/iconv-lite-0.7.0.tgz. Extracting by manifest.
163 silly tarball no local data for ms@https://registry.npmjs.org/ms/-/ms-2.1.3.tgz. Extracting by manifest.
164 silly tarball no local data for lru.min@https://registry.npmjs.org/lru.min/-/lru.min-1.1.3.tgz. Extracting by manifest.
165 http fetch POST 200 https://registry.npmjs.org/-/npm/v1/security/advisories/bulk 996ms
166 timing auditReport:getReport Completed in 1007ms
167 silly audit report {}
168 timing auditReport:init Completed in 0ms
169 timing reify:audit Completed in 1008ms
170 http fetch GET 200 https://registry.npmjs.org/side-channel-weakmap/-/side-channel-weakmap-1.0.2.tgz 1039ms (cache miss)
171 timing reifyNode:node_modules/side-channel-weakmap Completed in 1135ms
172 http fetch GET 200 https://registry.npmjs.org/to-regex-range/-/to-regex-range-5.0.1.tgz 1057ms (cache miss)
173 timing reifyNode:node_modules/to-regex-range Completed in 1139ms
174 http fetch GET 200 https://registry.npmjs.org/side-channel-map/-/side-channel-map-1.0.1.tgz 1037ms (cache miss)
175 timing reifyNode:node_modules/side-channel-map Completed in 1142ms
176 http fetch GET 200 https://registry.npmjs.org/utils-merge/-/utils-merge-1.0.1.tgz 1100ms (cache miss)
177 timing reifyNode:node_modules/utils-merge Completed in 1163ms
178 http fetch GET 200 https://registry.npmjs.org/simple-update-notifier/-/simple-update-notifier-2.0.0.tgz 1073ms (cache miss)
179 timing reifyNode:node_modules/simple-update-notifier Completed in 1166ms
180 http fetch GET 200 https://registry.npmjs.org/sqlstring/-/sqlstring-2.3.3.tgz 1089ms (cache miss)
181 timing reifyNode:node_modules/sqlstring Completed in 1176ms
182 http fetch GET 200 https://registry.npmjs.org/unpipe/-/unpipe-1.0.0.tgz 1115ms (cache miss)
183 timing reifyNode:node_modules/unpipe Completed in 1181ms
184 http fetch GET 200 https://registry.npmjs.org/undefsafe/-/undefsafe-2.0.5.tgz 1148ms (cache miss)
185 timing reifyNode:node_modules/undefsafe Completed in 1217ms
186 http fetch GET 200 https://registry.npmjs.org/touch/-/touch-3.1.1.tgz 1147ms (cache miss)
187 timing reifyNode:node_modules/touch Completed in 1226ms
188 http fetch GET 200 https://registry.npmjs.org/toidentifier/-/toidentifier-1.0.1.tgz 1160ms (cache miss)
189 timing reifyNode:node_modules/toidentifier Completed in 1237ms
190 http fetch GET 200 https://registry.npmjs.org/supports-color/-/supports-color-5.5.0.tgz 1160ms (cache miss)
191 timing reifyNode:node_modules/supports-color Completed in 1240ms
192 http fetch GET 200 https://registry.npmjs.org/statuses/-/statuses-2.0.1.tgz 1154ms (cache miss)
193 timing reifyNode:node_modules/statuses Completed in 1244ms
194 http fetch GET 200 https://registry.npmjs.org/type-is/-/type-is-1.6.18.tgz 1222ms (cache miss)
195 timing reifyNode:node_modules/type-is Completed in 1294ms
196 http fetch GET 200 https://registry.npmjs.org/setprototypeof/-/setprototypeof-1.2.0.tgz 1182ms (cache miss)
197 timing reifyNode:node_modules/setprototypeof Completed in 1308ms
198 http fetch GET 200 https://registry.npmjs.org/range-parser/-/range-parser-1.2.1.tgz 1159ms (cache miss)
199 timing reifyNode:node_modules/range-parser Completed in 1312ms
200 http fetch GET 200 https://registry.npmjs.org/vary/-/vary-1.1.2.tgz 1285ms (cache miss)
201 timing reifyNode:node_modules/vary Completed in 1345ms
202 http fetch GET 200 https://registry.npmjs.org/seq-queue/-/seq-queue-0.0.5.tgz 1275ms (cache miss)
203 timing reifyNode:node_modules/seq-queue Completed in 1396ms
204 http fetch GET 200 https://registry.npmjs.org/named-placeholders/-/named-placeholders-1.1.3.tgz 1223ms (cache miss)
205 timing reifyNode:node_modules/named-placeholders Completed in 1430ms
206 http fetch GET 200 https://registry.npmjs.org/ms/-/ms-2.0.0.tgz 1244ms (cache miss)
207 timing reifyNode:node_modules/ms Completed in 1434ms
208 http fetch GET 200 https://registry.npmjs.org/proxy-addr/-/proxy-addr-2.0.7.tgz 1287ms (cache miss)
209 timing reifyNode:node_modules/proxy-addr Completed in 1443ms
210 http fetch GET 200 https://registry.npmjs.org/path-to-regexp/-/path-to-regexp-0.1.12.tgz 1286ms (cache miss)
211 timing reifyNode:node_modules/path-to-regexp Completed in 1446ms
212 http fetch GET 200 https://registry.npmjs.org/object-assign/-/object-assign-4.1.1.tgz 1269ms (cache miss)
213 timing reifyNode:node_modules/object-assign Completed in 1449ms
214 http fetch GET 200 https://registry.npmjs.org/side-channel-list/-/side-channel-list-1.0.0.tgz 1342ms (cache miss)
215 timing reifyNode:node_modules/side-channel-list Completed in 1466ms
216 http fetch GET 200 https://registry.npmjs.org/safe-buffer/-/safe-buffer-5.2.1.tgz 1339ms (cache miss)
217 timing reifyNode:node_modules/safe-buffer Completed in 1469ms
218 http fetch GET 200 https://registry.npmjs.org/readdirp/-/readdirp-3.6.0.tgz 1331ms (cache miss)
219 timing reifyNode:node_modules/readdirp Completed in 1472ms
220 http fetch GET 200 https://registry.npmjs.org/parseurl/-/parseurl-1.3.3.tgz 1297ms (cache miss)
221 timing reifyNode:node_modules/parseurl Completed in 1474ms
222 http fetch GET 200 https://registry.npmjs.org/serve-static/-/serve-static-1.16.2.tgz 1386ms (cache miss)
223 timing reifyNode:node_modules/serve-static Completed in 1498ms
224 http fetch GET 200 https://registry.npmjs.org/pstree.remy/-/pstree.remy-1.1.8.tgz 1352ms (cache miss)
225 timing reifyNode:node_modules/pstree.remy Completed in 1511ms
226 http fetch GET 200 https://registry.npmjs.org/negotiator/-/negotiator-0.6.3.tgz 1321ms (cache miss)
227 timing reifyNode:node_modules/negotiator Completed in 1516ms
228 http fetch GET 200 https://registry.npmjs.org/on-finished/-/on-finished-2.4.1.tgz 1345ms (cache miss)
229 timing reifyNode:node_modules/on-finished Completed in 1520ms
230 http fetch GET 200 https://registry.npmjs.org/side-channel/-/side-channel-1.1.0.tgz 1429ms (cache miss)
231 timing reifyNode:node_modules/side-channel Completed in 1537ms
232 http fetch GET 200 https://registry.npmjs.org/methods/-/methods-1.1.2.tgz 1331ms (cache miss)
233 timing reifyNode:node_modules/methods Completed in 1539ms
234 http fetch GET 200 https://registry.npmjs.org/is-binary-path/-/is-binary-path-2.1.0.tgz 1319ms (cache miss)
235 timing reifyNode:node_modules/is-binary-path Completed in 1556ms
236 http fetch GET 200 https://registry.npmjs.org/normalize-path/-/normalize-path-3.0.0.tgz 1377ms (cache miss)
237 timing reifyNode:node_modules/normalize-path Completed in 1563ms
238 http fetch GET 200 https://registry.npmjs.org/mime-types/-/mime-types-2.1.35.tgz 1361ms (cache miss)
239 timing reifyNode:node_modules/mime-types Completed in 1565ms
240 http fetch GET 200 https://registry.npmjs.org/safer-buffer/-/safer-buffer-2.1.2.tgz 1447ms (cache miss)
241 timing reifyNode:node_modules/safer-buffer Completed in 1575ms
242 http fetch GET 200 https://registry.npmjs.org/media-typer/-/media-typer-0.3.0.tgz 1368ms (cache miss)
243 timing reifyNode:node_modules/media-typer Completed in 1581ms
244 http fetch GET 200 https://registry.npmjs.org/is-extglob/-/is-extglob-2.1.1.tgz 1351ms (cache miss)
245 timing reifyNode:node_modules/is-extglob Completed in 1592ms
246 http fetch GET 200 https://registry.npmjs.org/is-number/-/is-number-7.0.0.tgz 1370ms (cache miss)
247 timing reifyNode:node_modules/is-number Completed in 1603ms
248 http fetch GET 200 https://registry.npmjs.org/merge-descriptors/-/merge-descriptors-1.0.3.tgz 1383ms (cache miss)
249 timing reifyNode:node_modules/merge-descriptors Completed in 1611ms
250 http fetch GET 200 https://registry.npmjs.org/is-glob/-/is-glob-4.0.3.tgz 1379ms (cache miss)
251 timing reifyNode:node_modules/is-glob Completed in 1614ms
252 http fetch GET 200 https://registry.npmjs.org/ignore-by-default/-/ignore-by-default-1.0.1.tgz 1368ms (cache miss)
253 timing reifyNode:node_modules/ignore-by-default Completed in 1619ms
254 http fetch GET 200 https://registry.npmjs.org/raw-body/-/raw-body-2.5.2.tgz 1480ms (cache miss)
255 timing reifyNode:node_modules/raw-body Completed in 1623ms
256 http fetch GET 200 https://registry.npmjs.org/inherits/-/inherits-2.0.4.tgz 1379ms (cache miss)
257 timing reifyNode:node_modules/inherits Completed in 1626ms
258 http fetch GET 200 https://registry.npmjs.org/generate-function/-/generate-function-2.3.1.tgz 1343ms (cache miss)
259 timing reifyNode:node_modules/generate-function Completed in 1636ms
260 http fetch GET 200 https://registry.npmjs.org/send/-/send-0.19.0.tgz 1502ms (cache miss)
261 timing reifyNode:node_modules/send Completed in 1641ms
262 http fetch GET 200 https://registry.npmjs.org/fill-range/-/fill-range-7.1.1.tgz 1344ms (cache miss)
263 timing reifyNode:node_modules/fill-range Completed in 1658ms
264 http fetch GET 200 https://registry.npmjs.org/ee-first/-/ee-first-1.1.1.tgz 1316ms (cache miss)
265 timing reifyNode:node_modules/ee-first Completed in 1662ms
266 http fetch GET 200 https://registry.npmjs.org/minimatch/-/minimatch-3.1.2.tgz 1469ms (cache miss)
267 timing reifyNode:node_modules/minimatch Completed in 2345ms
268 http fetch GET 200 https://registry.npmjs.org/http-errors/-/http-errors-2.0.0.tgz 2092ms (cache miss)
269 timing reifyNode:node_modules/http-errors Completed in 2351ms
270 http fetch GET 200 https://registry.npmjs.org/fresh/-/fresh-0.5.2.tgz 2067ms (cache miss)
271 timing reifyNode:node_modules/fresh Completed in 2363ms
272 http fetch GET 200 https://registry.npmjs.org/es-object-atoms/-/es-object-atoms-1.1.1.tgz 2046ms (cache miss)
273 http fetch GET 200 https://registry.npmjs.org/get-proto/-/get-proto-1.0.1.tgz 2088ms (cache miss)
274 http fetch GET 200 https://registry.npmjs.org/has-flag/-/has-flag-3.0.0.tgz 2106ms (cache miss)
275 timing reifyNode:node_modules/has-flag Completed in 2377ms
276 http fetch GET 200 https://registry.npmjs.org/has-symbols/-/has-symbols-1.1.0.tgz 2114ms (cache miss)
277 http fetch GET 200 https://registry.npmjs.org/etag/-/etag-1.8.1.tgz 2065ms (cache miss)
278 timing reifyNode:node_modules/etag Completed in 2383ms
279 http fetch GET 200 https://registry.npmjs.org/encodeurl/-/encodeurl-2.0.0.tgz 2042ms (cache miss)
280 timing reifyNode:node_modules/encodeurl Completed in 2385ms
281 http fetch GET 200 https://registry.npmjs.org/glob-parent/-/glob-parent-5.1.2.tgz 2109ms (cache miss)
282 timing reifyNode:node_modules/glob-parent Completed in 2390ms
283 http fetch GET 200 https://registry.npmjs.org/concat-map/-/concat-map-0.0.1.tgz 1985ms (cache miss)
284 timing reifyNode:node_modules/concat-map Completed in 2392ms
285 http fetch GET 200 https://registry.npmjs.org/hasown/-/hasown-2.0.2.tgz 2138ms (cache miss)
286 timing reifyNode:node_modules/hasown Completed in 2402ms
287 http fetch GET 200 https://registry.npmjs.org/es-define-property/-/es-define-property-1.0.1.tgz 2063ms (cache miss)
288 timing reifyNode:node_modules/es-define-property Completed in 2403ms
289 timing reifyNode:node_modules/get-proto Completed in 2405ms
290 http fetch GET 200 https://registry.npmjs.org/ipaddr.js/-/ipaddr.js-1.9.1.tgz 2162ms (cache miss)
291 timing reifyNode:node_modules/ipaddr.js Completed in 2407ms
292 http fetch GET 200 https://registry.npmjs.org/cookie-signature/-/cookie-signature-1.0.6.tgz 2017ms (cache miss)
293 timing reifyNode:node_modules/cookie-signature Completed in 2413ms
294 http fetch GET 200 https://registry.npmjs.org/call-bind-apply-helpers/-/call-bind-apply-helpers-1.0.2.tgz 1998ms (cache miss)
295 http fetch GET 200 https://registry.npmjs.org/anymatch/-/anymatch-3.1.3.tgz 1970ms (cache miss)
296 timing reifyNode:node_modules/anymatch Completed in 2418ms
297 http fetch GET 200 https://registry.npmjs.org/content-disposition/-/content-disposition-0.5.4.tgz 2017ms (cache miss)
298 timing reifyNode:node_modules/content-disposition Completed in 2422ms
299 http fetch GET 200 https://registry.npmjs.org/forwarded/-/forwarded-0.2.0.tgz 2122ms (cache miss)
300 timing reifyNode:node_modules/forwarded Completed in 2425ms
301 http fetch GET 200 https://registry.npmjs.org/dunder-proto/-/dunder-proto-1.0.1.tgz 2075ms (cache miss)
302 timing reifyNode:node_modules/es-object-atoms Completed in 2433ms
303 http fetch GET 200 https://registry.npmjs.org/get-intrinsic/-/get-intrinsic-1.3.0.tgz 2154ms (cache miss)
304 timing reifyNode:node_modules/get-intrinsic Completed in 2436ms
305 http fetch GET 200 https://registry.npmjs.org/brace-expansion/-/brace-expansion-1.1.12.tgz 2011ms (cache miss)
306 timing reifyNode:node_modules/brace-expansion Completed in 2437ms
307 http fetch GET 200 https://registry.npmjs.org/destroy/-/destroy-1.2.0.tgz 2081ms (cache miss)
308 timing reifyNode:node_modules/destroy Completed in 2440ms
309 http fetch GET 200 https://registry.npmjs.org/chokidar/-/chokidar-3.6.0.tgz 2034ms (cache miss)
310 http fetch GET 200 https://registry.npmjs.org/debug/-/debug-4.4.3.tgz 1988ms (cache miss)
311 timing reifyNode:node_modules/nodemon/node_modules/debug Completed in 2453ms
312 timing reifyNode:node_modules/has-symbols Completed in 2452ms
313 timing reifyNode:node_modules/dunder-proto Completed in 2453ms
314 http fetch GET 200 https://registry.npmjs.org/cookie/-/cookie-0.7.1.tgz 2054ms (cache miss)
315 timing reifyNode:node_modules/cookie Completed in 2456ms
316 http fetch GET 200 https://registry.npmjs.org/escape-html/-/escape-html-1.0.3.tgz 2138ms (cache miss)
317 timing reifyNode:node_modules/escape-html Completed in 2458ms
318 http fetch GET 200 https://registry.npmjs.org/cors/-/cors-2.8.5.tgz 2070ms (cache miss)
319 timing reifyNode:node_modules/cors Completed in 2468ms
320 http fetch GET 200 https://registry.npmjs.org/content-type/-/content-type-1.0.5.tgz 2067ms (cache miss)
321 timing reifyNode:node_modules/content-type Completed in 2471ms
322 http fetch GET 200 https://registry.npmjs.org/balanced-match/-/balanced-match-1.0.2.tgz 2036ms (cache miss)
323 timing reifyNode:node_modules/balanced-match Completed in 2472ms
324 timing reifyNode:node_modules/chokidar Completed in 2474ms
325 http fetch GET 200 https://registry.npmjs.org/binary-extensions/-/binary-extensions-2.3.0.tgz 2047ms (cache miss)
326 timing reifyNode:node_modules/binary-extensions Completed in 2476ms
327 http fetch GET 200 https://registry.npmjs.org/call-bound/-/call-bound-1.0.4.tgz 2065ms (cache miss)
328 timing reifyNode:node_modules/call-bound Completed in 2485ms
329 http fetch GET 200 https://registry.npmjs.org/ms/-/ms-2.1.3.tgz 2020ms (cache miss)
330 timing reifyNode:node_modules/nodemon/node_modules/ms Completed in 2490ms
331 http fetch GET 200 https://registry.npmjs.org/finalhandler/-/finalhandler-1.3.1.tgz 2185ms (cache miss)
332 timing reifyNode:node_modules/finalhandler Completed in 2491ms
333 http fetch GET 200 https://registry.npmjs.org/bytes/-/bytes-3.1.2.tgz 2081ms (cache miss)
334 timing reifyNode:node_modules/bytes Completed in 2520ms
335 http fetch GET 200 https://registry.npmjs.org/ms/-/ms-2.1.3.tgz 2071ms (cache miss)
336 timing reifyNode:node_modules/send/node_modules/ms Completed in 2528ms
337 http fetch GET 200 https://registry.npmjs.org/function-bind/-/function-bind-1.1.2.tgz 2229ms (cache miss)
338 timing reifyNode:node_modules/function-bind Completed in 2529ms
339 http fetch GET 200 https://registry.npmjs.org/gopd/-/gopd-1.2.0.tgz 2258ms (cache miss)
340 timing reifyNode:node_modules/gopd Completed in 2532ms
341 http fetch GET 200 https://registry.npmjs.org/accepts/-/accepts-1.3.8.tgz 2088ms (cache miss)
342 timing reifyNode:node_modules/accepts Completed in 2538ms
343 http fetch GET 200 https://registry.npmjs.org/is-property/-/is-property-1.0.2.tgz 2089ms (cache miss)
344 timing reifyNode:node_modules/is-property Completed in 2543ms
345 http fetch GET 200 https://registry.npmjs.org/encodeurl/-/encodeurl-1.0.2.tgz 2087ms (cache miss)
346 timing reifyNode:node_modules/send/node_modules/encodeurl Completed in 2546ms
347 http fetch GET 200 https://registry.npmjs.org/mime-db/-/mime-db-1.52.0.tgz 2343ms (cache miss)
348 timing reifyNode:node_modules/mime-db Completed in 2550ms
349 http fetch GET 200 https://registry.npmjs.org/array-flatten/-/array-flatten-1.1.1.tgz 2117ms (cache miss)
350 timing reifyNode:node_modules/array-flatten Completed in 2555ms
351 http fetch GET 200 https://registry.npmjs.org/depd/-/depd-2.0.0.tgz 2179ms (cache miss)
352 timing reifyNode:node_modules/depd Completed in 2560ms
353 http fetch GET 200 https://registry.npmjs.org/denque/-/denque-2.1.0.tgz 2170ms (cache miss)
354 timing reifyNode:node_modules/denque Completed in 2562ms
355 http fetch GET 200 https://registry.npmjs.org/mime/-/mime-1.6.0.tgz 2357ms (cache miss)
356 timing reifyNode:node_modules/mime Completed in 2568ms
357 http fetch GET 200 https://registry.npmjs.org/lru-cache/-/lru-cache-7.18.3.tgz 2352ms (cache miss)
358 timing reifyNode:node_modules/lru-cache Completed in 2576ms
359 timing reifyNode:node_modules/call-bind-apply-helpers Completed in 2575ms
360 http fetch GET 200 https://registry.npmjs.org/es-errors/-/es-errors-1.3.0.tgz 2242ms (cache miss)
361 timing reifyNode:node_modules/es-errors Completed in 2684ms
362 http fetch GET 200 https://registry.npmjs.org/dotenv/-/dotenv-16.6.1.tgz 2329ms (cache miss)
363 timing reifyNode:node_modules/dotenv Completed in 2691ms
364 http fetch GET 200 https://registry.npmjs.org/picomatch/-/picomatch-2.3.1.tgz 2530ms (cache miss)
365 timing reifyNode:node_modules/picomatch Completed in 2699ms
366 http fetch GET 200 https://registry.npmjs.org/long/-/long-5.3.2.tgz 2475ms (cache miss)
367 timing reifyNode:node_modules/long Completed in 2705ms
368 http fetch GET 200 https://registry.npmjs.org/debug/-/debug-2.6.9.tgz 2318ms (cache miss)
369 timing reifyNode:node_modules/debug Completed in 2712ms
370 http fetch GET 200 https://registry.npmjs.org/lru.min/-/lru.min-1.1.3.tgz 2195ms (cache miss)
371 timing reifyNode:node_modules/lru.min Completed in 2720ms
372 http fetch GET 200 https://registry.npmjs.org/math-intrinsics/-/math-intrinsics-1.1.0.tgz 2506ms (cache miss)
373 timing reifyNode:node_modules/math-intrinsics Completed in 2734ms
374 http fetch GET 200 https://registry.npmjs.org/express/-/express-4.21.2.tgz 2386ms (cache miss)
375 timing reifyNode:node_modules/express Completed in 2739ms
376 http fetch GET 200 https://registry.npmjs.org/braces/-/braces-3.0.3.tgz 2318ms (cache miss)
377 timing reifyNode:node_modules/braces Completed in 2741ms
378 http fetch GET 200 https://registry.npmjs.org/body-parser/-/body-parser-1.20.3.tgz 2315ms (cache miss)
379 timing reifyNode:node_modules/body-parser Completed in 2748ms
380 http fetch GET 200 https://registry.npmjs.org/aws-ssl-profiles/-/aws-ssl-profiles-1.1.2.tgz 2307ms (cache miss)
381 timing reifyNode:node_modules/aws-ssl-profiles Completed in 2752ms
382 http fetch GET 200 https://registry.npmjs.org/object-inspect/-/object-inspect-1.13.4.tgz 2583ms (cache miss)
383 timing reifyNode:node_modules/object-inspect Completed in 2765ms
384 http fetch GET 200 https://registry.npmjs.org/qs/-/qs-6.13.0.tgz 2616ms (cache miss)
385 timing reifyNode:node_modules/qs Completed in 2839ms
386 http fetch GET 200 https://registry.npmjs.org/semver/-/semver-7.7.3.tgz 2718ms (cache miss)
387 timing reifyNode:node_modules/semver Completed in 2851ms
388 http fetch GET 200 https://registry.npmjs.org/npm 3273ms (cache miss)
389 http fetch GET 200 https://registry.npmjs.org/iconv-lite/-/iconv-lite-0.4.24.tgz 2624ms (cache miss)
390 timing reifyNode:node_modules/iconv-lite Completed in 2886ms
391 http fetch GET 200 https://registry.npmjs.org/nodemon/-/nodemon-3.1.11.tgz 2709ms (cache miss)
392 timing reifyNode:node_modules/nodemon Completed in 2893ms
393 http fetch GET 200 https://registry.npmjs.org/iconv-lite/-/iconv-lite-0.7.0.tgz 2429ms (cache miss)
394 timing reifyNode:node_modules/mysql2/node_modules/iconv-lite Completed in 2895ms
395 http fetch GET 200 https://registry.npmjs.org/mysql2/-/mysql2-3.15.3.tgz 2781ms (cache miss)
396 timing reifyNode:node_modules/mysql2 Completed in 2982ms
397 timing reify:unpack Completed in 2985ms
398 timing reify:unretire Completed in 0ms
399 timing build:queue Completed in 5ms
400 timing build:link:node_modules/mime Completed in 3ms
401 timing build:link:node_modules/nodemon Completed in 4ms
402 timing build:link:node_modules/semver Completed in 3ms
403 timing build:link:node_modules/touch Completed in 3ms
404 timing build:link Completed in 4ms
405 timing build:deps Completed in 10ms
406 timing build Completed in 11ms
407 timing reify:build Completed in 11ms
408 timing reify:trash Completed in 1ms
409 timing reify:save Completed in 27ms
410 timing reify Completed in 3455ms
411 silly ADD node_modules/vary
412 silly ADD node_modules/utils-merge
413 silly ADD node_modules/unpipe
414 silly ADD node_modules/undefsafe
415 silly ADD node_modules/type-is
416 silly ADD node_modules/touch
417 silly ADD node_modules/toidentifier
418 silly ADD node_modules/to-regex-range
419 silly ADD node_modules/supports-color
420 silly ADD node_modules/statuses
421 silly ADD node_modules/sqlstring
422 silly ADD node_modules/simple-update-notifier
423 silly ADD node_modules/side-channel-weakmap
424 silly ADD node_modules/side-channel-map
425 silly ADD node_modules/side-channel-list
426 silly ADD node_modules/side-channel
427 silly ADD node_modules/setprototypeof
428 silly ADD node_modules/serve-static
429 silly ADD node_modules/seq-queue
430 silly ADD node_modules/send
431 silly ADD node_modules/send/node_modules/ms
432 silly ADD node_modules/send/node_modules/encodeurl
433 silly ADD node_modules/semver
434 silly ADD node_modules/safer-buffer
435 silly ADD node_modules/safe-buffer
436 silly ADD node_modules/readdirp
437 silly ADD node_modules/raw-body
438 silly ADD node_modules/range-parser
439 silly ADD node_modules/qs
440 silly ADD node_modules/pstree.remy
441 silly ADD node_modules/proxy-addr
442 silly ADD node_modules/picomatch
443 silly ADD node_modules/path-to-regexp
444 silly ADD node_modules/parseurl
445 silly ADD node_modules/on-finished
446 silly ADD node_modules/object-inspect
447 silly ADD node_modules/object-assign
448 silly ADD node_modules/normalize-path
449 silly ADD node_modules/nodemon
450 silly ADD node_modules/nodemon/node_modules/ms
451 silly ADD node_modules/nodemon/node_modules/debug
452 silly ADD node_modules/negotiator
453 silly ADD node_modules/named-placeholders
454 silly ADD node_modules/mysql2
455 silly ADD node_modules/mysql2/node_modules/iconv-lite
456 silly ADD node_modules/ms
457 silly ADD node_modules/minimatch
458 silly ADD node_modules/mime-types
459 silly ADD node_modules/mime-db
460 silly ADD node_modules/mime
461 silly ADD node_modules/methods
462 silly ADD node_modules/merge-descriptors
463 silly ADD node_modules/media-typer
464 silly ADD node_modules/math-intrinsics
465 silly ADD node_modules/lru.min
466 silly ADD node_modules/lru-cache
467 silly ADD node_modules/long
468 silly ADD node_modules/is-property
469 silly ADD node_modules/is-number
470 silly ADD node_modules/is-glob
471 silly ADD node_modules/is-extglob
472 silly ADD node_modules/is-binary-path
473 silly ADD node_modules/ipaddr.js
474 silly ADD node_modules/inherits
475 silly ADD node_modules/ignore-by-default
476 silly ADD node_modules/iconv-lite
477 silly ADD node_modules/http-errors
478 silly ADD node_modules/hasown
479 silly ADD node_modules/has-symbols
480 silly ADD node_modules/has-flag
481 silly ADD node_modules/gopd
482 silly ADD node_modules/glob-parent
483 silly ADD node_modules/get-proto
484 silly ADD node_modules/get-intrinsic
485 silly ADD node_modules/generate-function
486 silly ADD node_modules/function-bind
487 silly ADD
488 silly ADD node_modules/fresh
489 silly ADD node_modules/forwarded
490 silly ADD node_modules/finalhandler
491 silly ADD node_modules/fill-range
492 silly ADD node_modules/express
493 silly ADD node_modules/etag
494 silly ADD node_modules/escape-html
495 silly ADD node_modules/es-object-atoms
496 silly ADD node_modules/es-errors
497 silly ADD node_modules/es-define-property
498 silly ADD node_modules/encodeurl
499 silly ADD node_modules/ee-first
500 silly ADD node_modules/dunder-proto
501 silly ADD node_modules/dotenv
502 silly ADD node_modules/destroy
503 silly ADD node_modules/depd
504 silly ADD node_modules/denque
505 silly ADD node_modules/debug
506 silly ADD node_modules/cors
507 silly ADD node_modules/cookie-signature
508 silly ADD node_modules/cookie
509 silly ADD node_modules/content-type
510 silly ADD node_modules/content-disposition
511 silly ADD node_modules/concat-map
512 silly ADD node_modules/chokidar
513 silly ADD node_modules/call-bound
514 silly ADD node_modules/call-bind-apply-helpers
515 silly ADD node_modules/bytes
516 silly ADD node_modules/braces
517 silly ADD node_modules/brace-expansion
518 silly ADD node_modules/body-parser
519 silly ADD node_modules/binary-extensions
520 silly ADD node_modules/balanced-match
521 silly ADD node_modules/aws-ssl-profiles
522 silly ADD node_modules/array-flatten
523 silly ADD node_modules/anymatch
524 silly ADD node_modules/accepts
525 timing command:install Completed in 3465ms
526 notice
526 notice New major version of npm available! 8.11.0 -> 11.6.2
526 notice Changelog: <https://github.com/npm/cli/releases/tag/v11.6.2>
526 notice Run `npm install -g npm@11.6.2` to update!
526 notice
527 verbose exit 0
528 timing npm Completed in 3722ms
529 info ok
