0 verbose cli /opt/plesk/node/17/bin/node /opt/plesk/node/17/bin/npm
1 info using npm@8.11.0
2 info using node@v17.9.1
3 timing npm:load:whichnode Completed in 0ms
4 timing config:load:defaults Completed in 2ms
5 timing config:load:file:/opt/plesk/node/17/lib/node_modules/npm/npmrc Completed in 0ms
6 timing config:load:builtin Completed in 0ms
7 timing config:load:cli Completed in 1ms
8 timing config:load:env Completed in 1ms
9 timing config:load:project Completed in 9ms
10 timing config:load:file:/var/www/vhosts/restor-one.com/.npmrc Completed in 0ms
11 timing config:load:user Completed in 0ms
12 timing config:load:file:/opt/plesk/node/17/etc/npmrc Completed in 0ms
13 timing config:load:global Completed in 0ms
14 timing config:load:validate Completed in 1ms
15 timing config:load:credentials Completed in 1ms
16 timing config:load:setEnvs Completed in 1ms
17 timing config:load Completed in 16ms
18 timing npm:load:configload Completed in 16ms
19 timing npm:load:mkdirpcache Completed in 8ms
20 timing npm:load:mkdirplogs Completed in 0ms
21 verbose title npm uninstall
22 verbose argv "uninstall"
23 timing npm:load:setTitle Completed in 1ms
24 timing config:load:flatten Completed in 2ms
25 timing npm:load:display Completed in 2ms
26 verbose logfile logs-max:10 dir:/var/www/vhosts/restor-one.com/.npm/_logs
27 verbose logfile /var/www/vhosts/restor-one.com/.npm/_logs/2025-11-19T12_54_34_450Z-debug-0.log
28 timing npm:load:logFile Completed in 12ms
29 timing npm:load:timers Completed in 0ms
30 timing npm:load:configScope Completed in 0ms
31 timing npm:load Completed in 39ms
32 timing command:uninstall Completed in 1ms
33 verbose stack Error: Must provide a package name to remove
33 verbose stack     at Uninstall.exec (/opt/plesk/node/17/lib/node_modules/npm/lib/commands/uninstall.js:30:15)
33 verbose stack     at Npm.exec (/opt/plesk/node/17/lib/node_modules/npm/lib/npm.js:168:29)
33 verbose stack     at async module.exports (/opt/plesk/node/17/lib/node_modules/npm/lib/cli.js:78:5)
34 verbose cwd /var/www/vhosts/restor-one.com
35 verbose Linux 3.10.0-962.3.2.lve1.5.88.el7.x86_64
36 verbose node v17.9.1
37 verbose npm  v8.11.0
38 error Must provide a package name to remove
39 verbose exit 1
40 timing npm Completed in 225ms
41 verbose code 1
42 error A complete log of this run can be found in:
42 error     /var/www/vhosts/restor-one.com/.npm/_logs/2025-11-19T12_54_34_450Z-debug-0.log
