0 verbose cli /opt/plesk/node/17/bin/node /opt/plesk/node/17/bin/npm
1 info using npm@8.11.0
2 info using node@v17.9.1
3 timing npm:load:whichnode Completed in 0ms
4 timing config:load:defaults Completed in 2ms
5 timing config:load:file:/opt/plesk/node/17/lib/node_modules/npm/npmrc Completed in 0ms
6 timing config:load:builtin Completed in 0ms
7 timing config:load:cli Completed in 1ms
8 timing config:load:env Completed in 1ms
9 timing config:load:file:/var/www/vhosts/restor-one.com/httpdocs/.npmrc Completed in 0ms
10 timing config:load:project Completed in 8ms
11 timing config:load:file:/var/www/vhosts/restor-one.com/.npmrc Completed in 0ms
12 timing config:load:user Completed in 0ms
13 timing config:load:file:/opt/plesk/node/17/etc/npmrc Completed in 0ms
14 timing config:load:global Completed in 0ms
15 timing config:load:validate Completed in 0ms
16 timing config:load:credentials Completed in 2ms
17 timing config:load:setEnvs Completed in 0ms
18 timing config:load Completed in 15ms
19 timing npm:load:configload Completed in 15ms
20 timing npm:load:mkdirpcache Completed in 9ms
21 timing npm:load:mkdirplogs Completed in 1ms
22 verbose title npm install
23 verbose argv "install"
24 timing npm:load:setTitle Completed in 1ms
25 timing config:load:flatten Completed in 2ms
26 timing npm:load:display Completed in 2ms
27 verbose logfile logs-max:10 dir:/var/www/vhosts/restor-one.com/.npm/_logs
28 verbose logfile /var/www/vhosts/restor-one.com/.npm/_logs/2025-11-18T11_23_24_733Z-debug-0.log
29 timing npm:load:logFile Completed in 4ms
30 timing npm:load:timers Completed in 0ms
31 timing npm:load:configScope Completed in 0ms
32 timing npm:load Completed in 32ms
33 timing arborist:ctor Completed in 0ms
34 silly logfile done cleaning log files
35 timing arborist:ctor Completed in 0ms
36 timing idealTree:init Completed in 8ms
37 timing idealTree:userRequests Completed in 0ms
38 silly idealTree buildDeps
39 timing idealTree:#root Completed in 0ms
40 timing idealTree:buildDeps Completed in 1ms
41 timing idealTree:fixDepFlags Completed in 0ms
42 timing idealTree Completed in 9ms
43 timing reify:loadTrees Completed in 10ms
44 timing reify:diffTrees Completed in 0ms
45 silly reify moves {}
46 timing reify:retireShallow Completed in 0ms
47 timing reify:createSparse Completed in 0ms
48 timing reify:loadBundles Completed in 0ms
49 silly audit report null
50 timing reify:audit Completed in 0ms
51 timing reify:unpack Completed in 1ms
52 timing reify:unretire Completed in 0ms
53 timing build:queue Completed in 0ms
54 timing build:deps Completed in 0ms
55 timing build Completed in 0ms
56 timing reify:build Completed in 0ms
57 timing reify:trash Completed in 1ms
58 timing reify:save Completed in 2ms
59 timing reify Completed in 112ms
60 timing command:install Completed in 114ms
61 verbose stack Error: ENOENT: no such file or directory, open '/var/www/vhosts/restor-one.com/httpdocs/package.json'
62 verbose cwd /var/www/vhosts/restor-one.com/httpdocs
63 verbose Linux 3.10.0-962.3.2.lve1.5.88.el7.x86_64
64 verbose node v17.9.1
65 verbose npm  v8.11.0
66 error code ENOENT
67 error syscall open
68 error path /var/www/vhosts/restor-one.com/httpdocs/package.json
69 error errno -2
70 error enoent ENOENT: no such file or directory, open '/var/www/vhosts/restor-one.com/httpdocs/package.json'
71 error enoent This is related to npm not being able to find a file.
71 error enoent
72 verbose exit -2
73 timing npm Completed in 325ms
74 verbose code -2
75 error A complete log of this run can be found in:
75 error     /var/www/vhosts/restor-one.com/.npm/_logs/2025-11-18T11_23_24_733Z-debug-0.log
