0 verbose cli /opt/plesk/node/17/bin/node /opt/plesk/node/17/bin/npm
1 info using npm@8.11.0
2 info using node@v17.9.1
3 timing npm:load:whichnode Completed in 0ms
4 timing config:load:defaults Completed in 1ms
5 timing config:load:file:/opt/plesk/node/17/lib/node_modules/npm/npmrc Completed in 0ms
6 timing config:load:builtin Completed in 0ms
7 timing config:load:cli Completed in 1ms
8 timing config:load:env Completed in 1ms
9 timing config:load:file:/var/www/vhosts/restor-one.com/httpdocs/.npmrc Completed in 0ms
10 timing config:load:project Completed in 7ms
11 timing config:load:file:/var/www/vhosts/restor-one.com/.npmrc Completed in 0ms
12 timing config:load:user Completed in 1ms
13 timing config:load:file:/opt/plesk/node/17/etc/npmrc Completed in 0ms
14 timing config:load:global Completed in 0ms
15 timing config:load:validate Completed in 0ms
16 timing config:load:credentials Completed in 1ms
17 timing config:load:setEnvs Completed in 0ms
18 timing config:load Completed in 13ms
19 timing npm:load:configload Completed in 13ms
20 timing npm:load:mkdirpcache Completed in 2ms
21 timing npm:load:mkdirplogs Completed in 0ms
22 verbose title npm test
23 verbose argv "test"
24 timing npm:load:setTitle Completed in 1ms
25 timing config:load:flatten Completed in 2ms
26 timing npm:load:display Completed in 3ms
27 verbose logfile logs-max:10 dir:/var/www/vhosts/restor-one.com/.npm/_logs
28 verbose logfile /var/www/vhosts/restor-one.com/.npm/_logs/2025-11-18T11_49_07_033Z-debug-0.log
29 timing npm:load:logFile Completed in 4ms
30 timing npm:load:timers Completed in 0ms
31 timing npm:load:configScope Completed in 0ms
32 timing npm:load Completed in 23ms
33 silly logfile done cleaning log files
34 timing command:run-script Completed in 8ms
35 timing command:test Completed in 11ms
36 verbose stack Error: ENOENT: no such file or directory, open '/var/www/vhosts/restor-one.com/httpdocs/package.json'
37 verbose cwd /var/www/vhosts/restor-one.com/httpdocs
38 verbose Linux 3.10.0-962.3.2.lve1.5.88.el7.x86_64
39 verbose node v17.9.1
40 verbose npm  v8.11.0
41 error code ENOENT
42 error syscall open
43 error path /var/www/vhosts/restor-one.com/httpdocs/package.json
44 error errno -2
45 error enoent ENOENT: no such file or directory, open '/var/www/vhosts/restor-one.com/httpdocs/package.json'
46 error enoent This is related to npm not being able to find a file.
46 error enoent
47 verbose exit -2
48 timing npm Completed in 42ms
49 verbose code -2
50 error A complete log of this run can be found in:
50 error     /var/www/vhosts/restor-one.com/.npm/_logs/2025-11-18T11_49_07_033Z-debug-0.log
